--------------------
Target Res B594 Y
GLU
17857 3
ARG
11020 3
--------------------
Target Res B603 T
ARG
528 2
ASN
49396 0
--------------------
Target Res B658 K
ARG
23436 0
--------------------
Target Res A671 R
TYR
11834 7
GLY
45004 0
ASP
45520 115
--------------------
Target Res A753 N
THR
49396 0
--------------------
Target Res A755 F
PRO
18556 0
CYS
18556 0
--------------------
Target Res A785 E
TYR
17857 3
--------------------
Target Res A900 R
TYR
11020 3
--------------------
Target Res B594 Y
GLU
17857 3
Traceback (most recent call last):
  File "get_score.py", line 165, in <module>
    geomdict[resi][int_res] = [rmsdlist, normsd]
KeyError: 'B594'
