core.init: Rosetta version unknown:f9445c2b156dec8e88f4eee1694cad670bd44668 2017-10-24 10:24:07 -0700 from git@github.com:RosettaCommons/main.git
core.init: command: /netapp/home/xingjiepan/Rosetta/main/source/bin/rosetta_scripts.default.linuxgccrelease -s /netapp/home/skt/Integrin_part_m/inputs/3FCSB1495/clean_pymolintegrin.pdb -parser:protocol /netapp/home/skt/Integrin_part_m/ddG-backrub.xml -parser:script_vars chainstomove=B mutate_resfile_relpath=/netapp/home/skt/Integrin_part_m/inputs/3FCSB1495/nataa_mutations.resfile number_backrub_trials=35000 max_minimization_iter=5000 abs_score_convergence_thresh=1.0 backrub_trajectory_stride=35000 -restore_talaris_behavior -in:file:fullatom -ignore_unrecognized_res -ignore_zero_occupancy false -ex1 -ex2
core.init: 'RNG device' seed mode, using '/dev/urandom', seed=1123956057 seed_offset=0 real_seed=1123956057
core.init.random: RandomGenerator:init: Normal mode, seed=1123956057 RG_type=mt19937
core.init: Resolved executable path: /netapp/home/xingjiepan/Rosetta/main_new/source/build/src/release/linux/2.6/64/x86/gcc/5.3/default/rosetta_scripts.default.linuxgccrelease
core.init: Looking for database based on location of executable: /netapp/home/xingjiepan/Rosetta/main_new/database/
protocols.jd2.PDBJobInputter: Instantiate PDBJobInputter
protocols.jd2.PDBJobInputter: PDBJobInputter::fill_jobs
protocols.jd2.PDBJobInputter: pushed /netapp/home/skt/Integrin_part_m/inputs/3FCSB1495/clean_pymolintegrin.pdb nstruct index 1
protocols.evaluation.ChiWellRmsdEvaluatorCreator: Evaluation Creator active ... 
protocols.jd2.PDBJobInputter: PDBJobInputter::pose_from_job
protocols.jd2.PDBJobInputter: filling pose from PDB /netapp/home/skt/Integrin_part_m/inputs/3FCSB1495/clean_pymolintegrin.pdb
core.chemical.GlobalResidueTypeSet: For ResidueTypeSet fa_standard there is no shadow_list.txt file to list known PDB ids.
core.chemical.GlobalResidueTypeSet:     This will turn off PDB component loading for ResidueTypeSet fa_standard
core.chemical.GlobalResidueTypeSet:     Expected file: /netapp/home/xingjiepan/Rosetta/main_new/database/chemical/residue_type_sets/fa_standard_talaris/shadow_list.txt
core.chemical.GlobalResidueTypeSet: Finished initializing fa_standard residue type set.  Created 544 residue types
core.chemical.GlobalResidueTypeSet: Total time to initialize 0.9 seconds.
core.import_pose.import_pose: File '/netapp/home/skt/Integrin_part_m/inputs/3FCSB1495/clean_pymolintegrin.pdb' automatically determined to be of type PDB
core.conformation.Conformation: [ WARNING ] missing heavyatom:  OXT on residue LEU:CtermProteinFull 911
core.conformation.Conformation: [ WARNING ] missing heavyatom:  OXT on residue GLY:CtermProteinFull 1591
core.conformation.Conformation: Found disulfide between residues 56 65
core.conformation.Conformation: current variant for 56 CYS
core.conformation.Conformation: current variant for 65 CYS
core.conformation.Conformation: current variant for 56 CYD
core.conformation.Conformation: current variant for 65 CYD
core.conformation.Conformation: Found disulfide between residues 107 130
core.conformation.Conformation: current variant for 107 CYS
core.conformation.Conformation: current variant for 130 CYS
core.conformation.Conformation: current variant for 107 CYD
core.conformation.Conformation: current variant for 130 CYD
core.conformation.Conformation: Found disulfide between residues 146 167
core.conformation.Conformation: current variant for 146 CYS
core.conformation.Conformation: current variant for 167 CYS
core.conformation.Conformation: current variant for 146 CYD
core.conformation.Conformation: current variant for 167 CYD
core.conformation.Conformation: Found disulfide between residues 473 484
core.conformation.Conformation: current variant for 473 CYS
core.conformation.Conformation: current variant for 484 CYS
core.conformation.Conformation: current variant for 473 CYD
core.conformation.Conformation: current variant for 484 CYD
core.conformation.Conformation: Found disulfide between residues 490 545
core.conformation.Conformation: current variant for 490 CYS
core.conformation.Conformation: current variant for 545 CYS
core.conformation.Conformation: current variant for 490 CYD
core.conformation.Conformation: current variant for 545 CYD
core.conformation.Conformation: Found disulfide between residues 602 608
core.conformation.Conformation: current variant for 602 CYS
core.conformation.Conformation: current variant for 608 CYS
core.conformation.Conformation: current variant for 602 CYD
core.conformation.Conformation: current variant for 608 CYD
core.conformation.Conformation: Found disulfide between residues 672 685
core.conformation.Conformation: current variant for 672 CYS
core.conformation.Conformation: current variant for 685 CYS
core.conformation.Conformation: current variant for 672 CYD
core.conformation.Conformation: current variant for 685 CYD
core.conformation.Conformation: Found disulfide between residues 813 842
core.conformation.Conformation: current variant for 813 CYS
core.conformation.Conformation: current variant for 842 CYS
core.conformation.Conformation: current variant for 813 CYD
core.conformation.Conformation: current variant for 842 CYD
core.conformation.Conformation: Found disulfide between residues 832 837
core.conformation.Conformation: current variant for 832 CYS
core.conformation.Conformation: current variant for 837 CYS
core.conformation.Conformation: current variant for 832 CYD
core.conformation.Conformation: current variant for 837 CYD
core.conformation.Conformation: Found disulfide between residues 916 934
core.conformation.Conformation: current variant for 916 CYS
core.conformation.Conformation: current variant for 934 CYS
core.conformation.Conformation: current variant for 916 CYD
core.conformation.Conformation: current variant for 934 CYD
core.conformation.Conformation: Found disulfide between residues 924 1342
core.conformation.Conformation: current variant for 924 CYS
core.conformation.Conformation: current variant for 1342 CYS
core.conformation.Conformation: current variant for 924 CYD
core.conformation.Conformation: current variant for 1342 CYD
core.conformation.Conformation: Found disulfide between residues 927 949
core.conformation.Conformation: current variant for 927 CYS
core.conformation.Conformation: current variant for 949 CYS
core.conformation.Conformation: current variant for 927 CYD
core.conformation.Conformation: current variant for 949 CYD
core.conformation.Conformation: Found disulfide between residues 937 960
core.conformation.Conformation: current variant for 937 CYS
core.conformation.Conformation: current variant for 960 CYS
core.conformation.Conformation: current variant for 937 CYD
core.conformation.Conformation: current variant for 960 CYD
core.conformation.Conformation: Found disulfide between residues 1084 1091
core.conformation.Conformation: current variant for 1084 CYS
core.conformation.Conformation: current variant for 1091 CYS
core.conformation.Conformation: current variant for 1084 CYD
core.conformation.Conformation: current variant for 1091 CYD
core.conformation.Conformation: Found disulfide between residues 1139 1180
core.conformation.Conformation: current variant for 1139 CYS
core.conformation.Conformation: current variant for 1180 CYS
core.conformation.Conformation: current variant for 1139 CYD
core.conformation.Conformation: current variant for 1180 CYD
core.conformation.Conformation: Found disulfide between residues 1281 1293
core.conformation.Conformation: current variant for 1281 CYS
core.conformation.Conformation: current variant for 1293 CYS
core.conformation.Conformation: current variant for 1281 CYD
core.conformation.Conformation: current variant for 1293 CYD
core.conformation.Conformation: Found disulfide between residues 1313 1340
core.conformation.Conformation: current variant for 1313 CYS
core.conformation.Conformation: current variant for 1340 CYS
core.conformation.Conformation: current variant for 1313 CYD
core.conformation.Conformation: current variant for 1340 CYD
core.conformation.Conformation: Found disulfide between residues 1344 1364
core.conformation.Conformation: current variant for 1344 CYS
core.conformation.Conformation: current variant for 1364 CYS
core.conformation.Conformation: current variant for 1344 CYD
core.conformation.Conformation: current variant for 1364 CYD
core.conformation.Conformation: Found disulfide between residues 1355 1367
core.conformation.Conformation: current variant for 1355 CYS
core.conformation.Conformation: current variant for 1367 CYS
core.conformation.Conformation: current variant for 1355 CYD
core.conformation.Conformation: current variant for 1367 CYD
core.conformation.Conformation: Found disulfide between residues 1369 1378
core.conformation.Conformation: current variant for 1369 CYS
core.conformation.Conformation: current variant for 1378 CYS
core.conformation.Conformation: current variant for 1369 CYD
core.conformation.Conformation: current variant for 1378 CYD
core.conformation.Conformation: Found disulfide between residues 1380 1404
core.conformation.Conformation: current variant for 1380 CYS
core.conformation.Conformation: current variant for 1404 CYS
core.conformation.Conformation: current variant for 1380 CYD
core.conformation.Conformation: current variant for 1404 CYD
core.conformation.Conformation: Found disulfide between residues 1387 1402
core.conformation.Conformation: current variant for 1387 CYS
core.conformation.Conformation: current variant for 1402 CYS
core.conformation.Conformation: current variant for 1387 CYD
core.conformation.Conformation: current variant for 1402 CYD
core.conformation.Conformation: Found disulfide between residues 1396 1407
core.conformation.Conformation: current variant for 1396 CYS
core.conformation.Conformation: current variant for 1407 CYS
core.conformation.Conformation: current variant for 1396 CYD
core.conformation.Conformation: current variant for 1407 CYD
core.conformation.Conformation: Found disulfide between residues 1409 1422
core.conformation.Conformation: current variant for 1409 CYS
core.conformation.Conformation: current variant for 1422 CYS
core.conformation.Conformation: current variant for 1409 CYD
core.conformation.Conformation: current variant for 1422 CYD
core.conformation.Conformation: Found disulfide between residues 1424 1445
core.conformation.Conformation: current variant for 1424 CYS
core.conformation.Conformation: current variant for 1445 CYS
core.conformation.Conformation: current variant for 1424 CYD
core.conformation.Conformation: current variant for 1445 CYD
core.conformation.Conformation: Found disulfide between residues 1429 1443
core.conformation.Conformation: current variant for 1429 CYS
core.conformation.Conformation: current variant for 1443 CYS
core.conformation.Conformation: current variant for 1429 CYD
core.conformation.Conformation: current variant for 1443 CYD
core.conformation.Conformation: Found disulfide between residues 1437 1448
core.conformation.Conformation: current variant for 1437 CYS
core.conformation.Conformation: current variant for 1448 CYS
core.conformation.Conformation: current variant for 1437 CYD
core.conformation.Conformation: current variant for 1448 CYD
core.conformation.Conformation: Found disulfide between residues 1450 1459
core.conformation.Conformation: current variant for 1450 CYS
core.conformation.Conformation: current variant for 1459 CYS
core.conformation.Conformation: current variant for 1450 CYD
core.conformation.Conformation: current variant for 1459 CYD
core.conformation.Conformation: Found disulfide between residues 1461 1484
core.conformation.Conformation: current variant for 1461 CYS
core.conformation.Conformation: current variant for 1484 CYS
core.conformation.Conformation: current variant for 1461 CYD
core.conformation.Conformation: current variant for 1484 CYD
core.conformation.Conformation: Found disulfide between residues 1468 1482
core.conformation.Conformation: current variant for 1468 CYS
core.conformation.Conformation: current variant for 1482 CYS
core.conformation.Conformation: current variant for 1468 CYD
core.conformation.Conformation: current variant for 1482 CYD
core.conformation.Conformation: Found disulfide between residues 1476 1487
core.conformation.Conformation: current variant for 1476 CYS
core.conformation.Conformation: current variant for 1487 CYS
core.conformation.Conformation: current variant for 1476 CYD
core.conformation.Conformation: current variant for 1487 CYD
core.conformation.Conformation: Found disulfide between residues 1489 1499
core.conformation.Conformation: current variant for 1489 CYS
core.conformation.Conformation: current variant for 1499 CYS
core.conformation.Conformation: current variant for 1489 CYD
core.conformation.Conformation: current variant for 1499 CYD
core.conformation.Conformation: Found disulfide between residues 1502 1505
core.conformation.Conformation: current variant for 1502 CYS
core.conformation.Conformation: current variant for 1505 CYS
core.conformation.Conformation: current variant for 1502 CYD
core.conformation.Conformation: current variant for 1505 CYD
core.conformation.Conformation: Found disulfide between residues 1509 1556
core.conformation.Conformation: current variant for 1509 CYS
core.conformation.Conformation: current variant for 1556 CYS
core.conformation.Conformation: current variant for 1509 CYD
core.conformation.Conformation: current variant for 1556 CYD
core.conformation.Conformation: Found disulfide between residues 1515 1536
core.conformation.Conformation: current variant for 1515 CYS
core.conformation.Conformation: current variant for 1536 CYS
core.conformation.Conformation: current variant for 1515 CYD
core.conformation.Conformation: current variant for 1536 CYD
core.conformation.Conformation: Found disulfide between residues 1518 1532
core.conformation.Conformation: current variant for 1518 CYS
core.conformation.Conformation: current variant for 1532 CYS
core.conformation.Conformation: current variant for 1518 CYD
core.conformation.Conformation: current variant for 1532 CYD
core.conformation.Conformation: Found disulfide between residues 1564 1588
core.conformation.Conformation: current variant for 1564 CYS
core.conformation.Conformation: current variant for 1588 CYS
core.conformation.Conformation: current variant for 1564 CYD
core.conformation.Conformation: current variant for 1588 CYD
protocols.rosetta_scripts.RosettaScriptsParser: dock_design_filename=/netapp/home/skt/Integrin_part_m/ddG-backrub.xml
protocols.rosetta_scripts.RosettaScriptsParser: Variable substitution will occur with the following values: '%%abs_score_convergence_thresh%%'='1.0';  '%%backrub_trajectory_stride%%'='35000';  '%%chainstomove%%'='B';  '%%max_minimization_iter%%'='5000';  '%%mutate_resfile_relpath%%'='/netapp/home/skt/Integrin_part_m/inputs/3FCSB1495/nataa_mutations.resfile';  '%%number_backrub_trials%%'='35000';  
protocols.rosetta_scripts.RosettaScriptsParser: Substituted script:
<ROSETTASCRIPTS>
  <SCOREFXNS>
    <ScoreFunction name="fa_talaris2014" weights="talaris2014"/>
    <ScoreFunction name="fa_talaris2014_cst" weights="talaris2014">
      <Reweight scoretype="atom_pair_constraint" weight="1.0"/>
      <Set fa_max_dis="9.0"/>
    </ScoreFunction>
  </SCOREFXNS>

  <!-- ### Only required input file (other than PDB) - mutation resfile ### -->
  <!-- #### All residues must be set to be NATAA packable at top of resfile ### -->
  <TASKOPERATIONS>
    <ReadResfile name="res_mutate" filename="/netapp/home/skt/Integrin_part_m/inputs/3FCSB1495/nataa_mutations.resfile"/>
  </TASKOPERATIONS>

  <RESIDUE_SELECTORS>
    <Task name="resselector" fixed="0" packable="0" designable="1" task_operations="res_mutate"/>
    <Neighborhood name="bubble" selector="resselector" distance="8.0"/>
    <PrimarySequenceNeighborhood name="bubble_adjacent" selector="bubble" lower="1" upper="1"/>
    <StoredResidueSubset name="restore_neighbor_shell" subset_name="neighbor_shell"/>
    <Not name="everythingelse" selector="restore_neighbor_shell"/>
  </RESIDUE_SELECTORS>
  <TASKOPERATIONS>
    <OperateOnResidueSubset name="repackonly" selector="restore_neighbor_shell">
      <RestrictToRepackingRLT/>
    </OperateOnResidueSubset>
    <OperateOnResidueSubset name="norepack" selector="everythingelse">
      <PreventRepackingRLT/>
    </OperateOnResidueSubset>
    <UseMultiCoolAnnealer name="multicool" states="6"/>
    <ExtraChiCutoff name="extrachizero" extrachi_cutoff="0"/>
    <InitializeFromCommandline name="commandline_init"/>
    <RestrictToRepacking name="restrict_to_repacking"/>
  </TASKOPERATIONS>

  <FILTERS>
  </FILTERS>

  <MOVERS>
    <StoreResidueSubset name="neighbor_shell_storer" subset_name="neighbor_shell" residue_selector="bubble_adjacent" />

    <AddConstraintsToCurrentConformationMover name="addcst" use_distance_cst="1" coord_dev="0.5" min_seq_sep="0" max_distance="9" CA_only="1" bound_width="0.0" cst_weight="0.0"/>
    <ClearConstraintsMover name="clearcst"/>
    <MinMover name="minimize" scorefxn="fa_talaris2014_cst" chi="1" bb="1" type="lbfgs_armijo_nonmonotone" tolerance="0.000001" max_iter="5000" abs_score_convergence_threshold="1.0"/>

    <PackRotamersMover name="repack" scorefxn="fa_talaris2014" task_operations="commandline_init,repackonly,norepack,multicool"/>
    <PackRotamersMover name="mutate" scorefxn="fa_talaris2014" task_operations="commandline_init,res_mutate,norepack,multicool"/>

    <ReportToDB name="dbreport" batch_description="interface_ddG" database_name="ddG.db3">
      <ScoreTypeFeatures/>
      <ScoreFunctionFeatures scorefxn="fa_talaris2014"/>
      <StructureScoresFeatures scorefxn="fa_talaris2014"/>
    </ReportToDB>

    <ReportToDB name="structreport" batch_description="interface_ddG_struct" database_name="struct.db3">
      <PoseConformationFeatures/>
      <PdbDataFeatures/>
      <JobDataFeatures/>
      <ResidueFeatures/>
      <PoseCommentsFeatures/>
      <ProteinResidueConformationFeatures/>
      <ResidueConformationFeatures/>
    </ReportToDB>

    <SavePoseMover name="save_wt_bound_pose" restore_pose="0" reference_name="wt_bound_pose"/>
    <SavePoseMover name="save_backrub_pose" restore_pose="0" reference_name="backrubpdb"/>
    <SavePoseMover name="restore_backrub_pose" restore_pose="1" reference_name="backrubpdb"/>

    <InterfaceDdGMover name="int_ddG_mover" wt_ref_savepose_mover="save_wt_bound_pose" chain_name="B" db_reporter="dbreport" scorefxn="fa_talaris2014"/>
    InterfaceDdGMover name="int_ddG_mover" wt_ref_savepose_mover="save_wt_bound_pose" jump="1" db_reporter="dbreport" scorefxn="fa_talaris2014"/>

    <ScoreMover name="apply_score" scorefxn="fa_talaris2014_cst" verbose="0"/>

    <!-- This ParsedProtocol allows the ddG calculation to take place multiple times along the backrub trajectory, if desired -->
    <ParsedProtocol name="finish_ddg_post_backrub">
      <Add mover_name="save_backrub_pose"/>
      <Add mover_name="structreport"/>

      <Add mover_name="repack"/>

      <Add mover_name="addcst"/>
      <Add mover_name="minimize"/>
      <Add mover_name="clearcst"/>

      <Add mover_name="save_wt_bound_pose"/>
      <Add mover_name="structreport"/>
      <Add mover_name="restore_backrub_pose"/>

      <Add mover_name="mutate"/>

      <Add mover_name="addcst"/>
      <Add mover_name="minimize"/>
      <Add mover_name="clearcst"/>
      <Add mover_name="structreport"/>

      <Add mover_name="int_ddG_mover"/>
    </ParsedProtocol>

    <BackrubProtocol name="backrub" mc_kt="1.2" ntrials="35000" pivot_residue_selector="restore_neighbor_shell" task_operations="restrict_to_repacking,commandline_init,extrachizero" recover_low="0" trajectory_stride="35000" trajectory_apply_mover="finish_ddg_post_backrub"/>

  </MOVERS>
  <APPLY_TO_POSE>
  </APPLY_TO_POSE>
  <PROTOCOLS>
    <Add mover_name="addcst"/>
    <Add mover_name="apply_score"/> <!-- Necessary to initialize neighbor graph -->
    <Add mover_name="neighbor_shell_storer"/>

    <Add mover_name="minimize"/>
    <Add mover_name="clearcst"/>

    <Add mover_name="backrub"/>
  </PROTOCOLS>
  <OUTPUT />
</ROSETTASCRIPTS>
protocols.rosetta_scripts.RosettaScriptsParser: Generating XML Schema for rosetta_scripts...
protocols.rosetta_scripts.RosettaScriptsParser: ...done
protocols.rosetta_scripts.RosettaScriptsParser: Initializing schema validator...
protocols.rosetta_scripts.RosettaScriptsParser: ...done
protocols.rosetta_scripts.RosettaScriptsParser: Validating input script...
protocols.rosetta_scripts.RosettaScriptsParser: ...done
protocols.rosetta_scripts.RosettaScriptsParser: Parsed script:
<ROSETTASCRIPTS>
	<SCOREFXNS>
		<ScoreFunction name="fa_talaris2014" weights="talaris2014"/>
		<ScoreFunction name="fa_talaris2014_cst" weights="talaris2014">
			<Reweight scoretype="atom_pair_constraint" weight="1.0"/>
			<Set fa_max_dis="9.0"/>
		</ScoreFunction>
	</SCOREFXNS>
	<TASKOPERATIONS>
		<ReadResfile filename="/netapp/home/skt/Integrin_part_m/inputs/3FCSB1495/nataa_mutations.resfile" name="res_mutate"/>
	</TASKOPERATIONS>
	<RESIDUE_SELECTORS>
		<Task designable="1" fixed="0" name="resselector" packable="0" task_operations="res_mutate"/>
		<Neighborhood distance="8.0" name="bubble" selector="resselector"/>
		<PrimarySequenceNeighborhood lower="1" name="bubble_adjacent" selector="bubble" upper="1"/>
		<StoredResidueSubset name="restore_neighbor_shell" subset_name="neighbor_shell"/>
		<Not name="everythingelse" selector="restore_neighbor_shell"/>
	</RESIDUE_SELECTORS>
	<TASKOPERATIONS>
		<OperateOnResidueSubset name="repackonly" selector="restore_neighbor_shell">
			<RestrictToRepackingRLT/>
		</OperateOnResidueSubset>
		<OperateOnResidueSubset name="norepack" selector="everythingelse">
			<PreventRepackingRLT/>
		</OperateOnResidueSubset>
		<UseMultiCoolAnnealer name="multicool" states="6"/>
		<ExtraChiCutoff extrachi_cutoff="0" name="extrachizero"/>
		<InitializeFromCommandline name="commandline_init"/>
		<RestrictToRepacking name="restrict_to_repacking"/>
	</TASKOPERATIONS>
	<FILTERS/>
	<MOVERS>
		<StoreResidueSubset name="neighbor_shell_storer" residue_selector="bubble_adjacent" subset_name="neighbor_shell"/>
		<AddConstraintsToCurrentConformationMover CA_only="1" bound_width="0.0" coord_dev="0.5" cst_weight="0.0" max_distance="9" min_seq_sep="0" name="addcst" use_distance_cst="1"/>
		<ClearConstraintsMover name="clearcst"/>
		<MinMover abs_score_convergence_threshold="1.0" bb="1" chi="1" max_iter="5000" name="minimize" scorefxn="fa_talaris2014_cst" tolerance="0.000001" type="lbfgs_armijo_nonmonotone"/>
		<PackRotamersMover name="repack" scorefxn="fa_talaris2014" task_operations="commandline_init,repackonly,norepack,multicool"/>
		<PackRotamersMover name="mutate" scorefxn="fa_talaris2014" task_operations="commandline_init,res_mutate,norepack,multicool"/>
		<ReportToDB batch_description="interface_ddG" database_name="ddG.db3" name="dbreport">
			<ScoreTypeFeatures/>
			<ScoreFunctionFeatures scorefxn="fa_talaris2014"/>
			<StructureScoresFeatures scorefxn="fa_talaris2014"/>
		</ReportToDB>
		<ReportToDB batch_description="interface_ddG_struct" database_name="struct.db3" name="structreport">
			<PoseConformationFeatures/>
			<PdbDataFeatures/>
			<JobDataFeatures/>
			<ResidueFeatures/>
			<PoseCommentsFeatures/>
			<ProteinResidueConformationFeatures/>
			<ResidueConformationFeatures/>
		</ReportToDB>
		<SavePoseMover name="save_wt_bound_pose" reference_name="wt_bound_pose" restore_pose="0"/>
		<SavePoseMover name="save_backrub_pose" reference_name="backrubpdb" restore_pose="0"/>
		<SavePoseMover name="restore_backrub_pose" reference_name="backrubpdb" restore_pose="1"/>
		<InterfaceDdGMover chain_name="B" db_reporter="dbreport" name="int_ddG_mover" scorefxn="fa_talaris2014" wt_ref_savepose_mover="save_wt_bound_pose"/>
		<ScoreMover name="apply_score" scorefxn="fa_talaris2014_cst" verbose="0"/>
		<ParsedProtocol name="finish_ddg_post_backrub">
			<Add mover_name="save_backrub_pose"/>
			<Add mover_name="structreport"/>
			<Add mover_name="repack"/>
			<Add mover_name="addcst"/>
			<Add mover_name="minimize"/>
			<Add mover_name="clearcst"/>
			<Add mover_name="save_wt_bound_pose"/>
			<Add mover_name="structreport"/>
			<Add mover_name="restore_backrub_pose"/>
			<Add mover_name="mutate"/>
			<Add mover_name="addcst"/>
			<Add mover_name="minimize"/>
			<Add mover_name="clearcst"/>
			<Add mover_name="structreport"/>
			<Add mover_name="int_ddG_mover"/>
		</ParsedProtocol>
		<BackrubProtocol mc_kt="1.2" name="backrub" ntrials="35000" pivot_residue_selector="restore_neighbor_shell" recover_low="0" task_operations="restrict_to_repacking,commandline_init,extrachizero" trajectory_apply_mover="finish_ddg_post_backrub" trajectory_stride="35000"/>
	</MOVERS>
	<APPLY_TO_POSE/>
	<PROTOCOLS>
		<Add mover_name="addcst"/>
		<Add mover_name="apply_score"/>
		<Add mover_name="neighbor_shell_storer"/>
		<Add mover_name="minimize"/>
		<Add mover_name="clearcst"/>
		<Add mover_name="backrub"/>
	</PROTOCOLS>
	<OUTPUT/>
</ROSETTASCRIPTS>
core.scoring.ScoreFunctionFactory: SCOREFUNCTION: talaris2014.wts
core.scoring.etable: Starting energy table calculation
core.scoring.etable: smooth_etable: changing atr/rep split to bottom of energy well
core.scoring.etable: smooth_etable: spline smoothing lj etables (maxdis = 6)
core.scoring.etable: smooth_etable: spline smoothing solvation etables (max_dis = 6)
core.scoring.etable: Finished calculating energy tables.
basic.io.database: Database file opened: scoring/score_functions/hbonds/sp2_elec_params/HBPoly1D.csv
basic.io.database: Database file opened: scoring/score_functions/hbonds/sp2_elec_params/HBFadeIntervals.csv
basic.io.database: Database file opened: scoring/score_functions/hbonds/sp2_elec_params/HBEval.csv
basic.io.database: Database file opened: scoring/score_functions/rama/Rama_smooth_dyn.dat_ss_6.4
basic.io.database: Database file opened: scoring/score_functions/P_AA_pp/P_AA
basic.io.database: Database file opened: scoring/score_functions/P_AA_pp/P_AA_n
basic.io.database: Database file opened: scoring/score_functions/P_AA_pp/P_AA_pp
core.scoring.etable: Using alternate parameters: LJ_RADIUS_SOFT in Etable construction.
core.scoring.etable: Starting energy table calculation
core.scoring.etable: smooth_etable: changing atr/rep split to bottom of energy well
core.scoring.etable: smooth_etable: spline smoothing lj etables (maxdis = 6)
core.scoring.etable: smooth_etable: spline smoothing solvation etables (max_dis = 6)
core.scoring.etable: Finished calculating energy tables.
basic.io.database: Database file opened: scoring/score_functions/PairEPotential/pdb_pair_stats_fine
basic.io.database: Database file opened: scoring/score_functions/InterchainPotential/interchain_env_log.txt
basic.io.database: Database file opened: scoring/score_functions/InterchainPotential/interchain_pair_log.txt
basic.io.database: Database file opened: scoring/score_functions/EnvPairPotential/env_log.txt
basic.io.database: Database file opened: scoring/score_functions/EnvPairPotential/cbeta_den.txt
basic.io.database: Database file opened: scoring/score_functions/EnvPairPotential/pair_log.txt
basic.io.database: Database file opened: scoring/score_functions/EnvPairPotential/cenpack_log.txt
protocols.jd2.parser.ScoreFunctionLoader: defined score function "fa_talaris2014" with weights "talaris2014"
protocols.jd2.parser.ScoreFunctionLoader: defined score function "fa_talaris2014_cst" with weights "talaris2014"
protocols.jd2.parser.ScoreFunctionLoader:  setting fa_talaris2014_cst weight atom_pair_constraint to 1
core.scoring.etable: Starting energy table calculation
core.scoring.etable: smooth_etable: changing atr/rep split to bottom of energy well
core.scoring.etable: smooth_etable: spline smoothing lj etables (maxdis = 9)
core.scoring.etable: smooth_etable: spline smoothing solvation etables (max_dis = 9)
core.scoring.etable: Finished calculating energy tables.
protocols.jd2.parser.TaskOperationLoader: Defined TaskOperation named "res_mutate" of type ReadResfile
protocols.residue_selectors.TaskSelector: Adding task operation res_mutate
core.select.residue_selector.PrimarySequenceNeighborhoodSelector: Using residue selector bubble
protocols.jd2.parser.TaskOperationLoader: Defined TaskOperation named "repackonly" of type OperateOnResidueSubset
protocols.jd2.parser.TaskOperationLoader: Defined TaskOperation named "norepack" of type OperateOnResidueSubset
protocols.jd2.parser.TaskOperationLoader: Defined TaskOperation named "multicool" of type UseMultiCoolAnnealer
protocols.jd2.parser.TaskOperationLoader: Defined TaskOperation named "extrachizero" of type ExtraChiCutoff
protocols.jd2.parser.TaskOperationLoader: Defined TaskOperation named "commandline_init" of type InitializeFromCommandline
protocols.jd2.parser.TaskOperationLoader: Defined TaskOperation named "restrict_to_repacking" of type RestrictToRepacking
core.select.residue_selector.util: Found residue selector bubble_adjacent
protocols.rosetta_scripts.RosettaScriptsParser: Defined mover named "neighbor_shell_storer" of type StoreResidueSubset
protocols.rosetta_scripts.RosettaScriptsParser: Defined mover named "addcst" of type AddConstraintsToCurrentConformationMover
protocols.rosetta_scripts.RosettaScriptsParser: Defined mover named "clearcst" of type ClearConstraintsMover
protocols.simple_moves.MinMover: Options chi, bb: 1, 1 omega: 1
protocols.rosetta_scripts.RosettaScriptsParser: Defined mover named "minimize" of type MinMover
protocols.RosettaScripts.util: Object repack reading the following task_operations: Adding the following task operations
commandline_init repackonly norepack multicool 
protocols.rosetta_scripts.RosettaScriptsParser: Defined mover named "repack" of type PackRotamersMover
protocols.RosettaScripts.util: Object mutate reading the following task_operations: Adding the following task operations
commandline_init res_mutate norepack multicool 
protocols.rosetta_scripts.RosettaScriptsParser: Defined mover named "mutate" of type PackRotamersMover
core.scoring.ScoreFunctionFactory: SCOREFUNCTION: talaris2014.wts
core.scoring.ScoreFunctionFactory: SCOREFUNCTION: talaris2014.wts
core.scoring.ScoreFunctionFactory: SCOREFUNCTION: talaris2014.wts
protocols.rosetta_scripts.RosettaScriptsParser: Defined mover named "dbreport" of type ReportToDB
protocols.rosetta_scripts.RosettaScriptsParser: Defined mover named "structreport" of type ReportToDB
protocols.RosettaScripts.util: Loading PDB: wt_bound_pose
protocols.rosetta_scripts.RosettaScriptsParser: Defined mover named "save_wt_bound_pose" of type SavePoseMover
protocols.RosettaScripts.util: Loading PDB: backrubpdb
protocols.rosetta_scripts.RosettaScriptsParser: Defined mover named "save_backrub_pose" of type SavePoseMover
protocols.RosettaScripts.util: Loading PDB: backrubpdb
protocols.rosetta_scripts.RosettaScriptsParser: Defined mover named "restore_backrub_pose" of type SavePoseMover
protocols.rosetta_scripts.RosettaScriptsParser: Defined mover named "int_ddG_mover" of type InterfaceDdGMover
core.scoring.ScoreFunctionFactory: SCOREFUNCTION: talaris2014.wts
protocols.rosetta_scripts.RosettaScriptsParser: Defined mover named "apply_score" of type ScoreMover
protocols.rosetta_scripts.ParsedProtocol: ParsedProtocol mover with the following movers and filters
protocols.rosetta_scripts.ParsedProtocol: added mover "save_backrub_pose" with filter "true_filter"
protocols.rosetta_scripts.ParsedProtocol: added mover "structreport" with filter "true_filter"
protocols.rosetta_scripts.ParsedProtocol: added mover "repack" with filter "true_filter"
protocols.rosetta_scripts.ParsedProtocol: added mover "addcst" with filter "true_filter"
protocols.rosetta_scripts.ParsedProtocol: added mover "minimize" with filter "true_filter"
protocols.rosetta_scripts.ParsedProtocol: added mover "clearcst" with filter "true_filter"
protocols.rosetta_scripts.ParsedProtocol: added mover "save_wt_bound_pose" with filter "true_filter"
protocols.rosetta_scripts.ParsedProtocol: added mover "structreport" with filter "true_filter"
protocols.rosetta_scripts.ParsedProtocol: added mover "restore_backrub_pose" with filter "true_filter"
protocols.rosetta_scripts.ParsedProtocol: added mover "mutate" with filter "true_filter"
protocols.rosetta_scripts.ParsedProtocol: added mover "addcst" with filter "true_filter"
protocols.rosetta_scripts.ParsedProtocol: added mover "minimize" with filter "true_filter"
protocols.rosetta_scripts.ParsedProtocol: added mover "clearcst" with filter "true_filter"
protocols.rosetta_scripts.ParsedProtocol: added mover "structreport" with filter "true_filter"
protocols.rosetta_scripts.ParsedProtocol: added mover "int_ddG_mover" with filter "true_filter"
protocols.rosetta_scripts.RosettaScriptsParser: Defined mover named "finish_ddg_post_backrub" of type ParsedProtocol
core.mm.MMBondAngleLibrary: MM bond angle sets added fully assigned: 598; wildcard: 0 and 1 virtual parameter.
core.pack.dunbrack.RotamerLibrary: Using Dunbrack library binary file '/netapp/home/skt/.rosetta/database/rotamer/ExtendedOpt1-5/Dunbrack10.lib.bin'.
core.pack.dunbrack.RotamerLibrary: Dunbrack 2010 library took 0.28 seconds to load from binary
protocols.RosettaScripts.util: Object backrub reading the following task_operations: Adding the following task operations
restrict_to_repacking commandline_init extrachizero 
core.select.residue_selector.util: Found residue selector restore_neighbor_shell
protocols.rosetta_scripts.RosettaScriptsParser: Defined mover named "backrub" of type BackrubProtocol
protocols.rosetta_scripts.ParsedProtocol: ParsedProtocol mover with the following movers and filters
protocols.rosetta_scripts.ParsedProtocol: added mover "addcst" with filter "true_filter"
protocols.rosetta_scripts.ParsedProtocol: added mover "apply_score" with filter "true_filter"
protocols.rosetta_scripts.ParsedProtocol: added mover "neighbor_shell_storer" with filter "true_filter"
protocols.rosetta_scripts.ParsedProtocol: added mover "minimize" with filter "true_filter"
protocols.rosetta_scripts.ParsedProtocol: added mover "clearcst" with filter "true_filter"
protocols.rosetta_scripts.ParsedProtocol: added mover "backrub" with filter "true_filter"
protocols.jd2.PDBJobInputter: PDBJobInputter::pose_from_job
protocols.jd2.PDBJobInputter: filling pose from saved copy /netapp/home/skt/Integrin_part_m/inputs/3FCSB1495/clean_pymolintegrin.pdb
protocols.rosetta_scripts.ParsedProtocol: =======================BEGIN MOVER AddConstraintsToCurrentConformationMover - addcst=======================
protocols.simple_moves.AddConstraintsToCurrentConformationMover: Using harmonic function
protocols.rosetta_scripts.ParsedProtocol: =======================BEGIN FILTER =======================
protocols.rosetta_scripts.ParsedProtocol: =======================END FILTER =======================
protocols.rosetta_scripts.ParsedProtocol: =======================BEGIN MOVER ScoreMover - apply_score=======================
protocols.rosetta_scripts.ParsedProtocol: =======================BEGIN FILTER =======================
protocols.rosetta_scripts.ParsedProtocol: =======================END FILTER =======================
protocols.rosetta_scripts.ParsedProtocol: =======================BEGIN MOVER StoreResidueSubset - neighbor_shell_storer=======================
core.select.residue_selector.PrimarySequenceNeighborhoodSelector: ]
protocols.rosetta_scripts.ParsedProtocol: =======================BEGIN FILTER =======================
protocols.rosetta_scripts.ParsedProtocol: =======================END FILTER =======================
protocols.rosetta_scripts.ParsedProtocol: =======================BEGIN MOVER MinMover - minimize=======================
core.optimization.Minimizer: [ WARNING ] LBFGS MAX CYCLES 5000 EXCEEDED, BUT FUNC NOT CONVERGED!
protocols.simple_moves.MinMover: running another iteration of minimization. difference is: 2323.23
core.optimization.LineMinimizer: [ ERROR ] Inaccurate G! step= 4.76837e-09 Deriv= -138.931 Finite Diff= 3.09918e+09
core.optimization.LineMinimizer: [ ERROR ] Inaccurate G! step= 6.367e-09 Deriv= -9689.18 Finite Diff= 2.32102e+09
core.optimization.LineMinimizer: [ ERROR ] Inaccurate G! step= 6.55639e-09 Deriv= -123.954 Finite Diff= 2.22143e+09
core.optimization.LineMinimizer: [ ERROR ] Inaccurate G! step= 2.64856e-09 Deriv= -5497.65 Finite Diff= 5.49904e+09
core.optimization.LineMinimizer: [ ERROR ] Inaccurate G! step= 3.2905e-09 Deriv= -5159.85 Finite Diff= 4.42622e+09
core.optimization.LineMinimizer: [ ERROR ] Inaccurate G! step= 9.58259e-08 Deriv= -6338.91 Finite Diff= 1.51983e+08
core.optimization.Minimizer: Line search failed even after resetting Hessian; aborting at iter#3607
protocols.simple_moves.MinMover: running another iteration of minimization. difference is: 68.7044
core.optimization.LineMinimizer: [ ERROR ] Inaccurate G! step= 3.8147e-08 Deriv= -6503.22 Finite Diff= 3.81795e+08
core.optimization.LineMinimizer: [ ERROR ] Inaccurate G! step= 9.46076e-08 Deriv= -6503.22 Finite Diff= 1.53941e+08
core.optimization.Minimizer: Line search failed even after resetting Hessian; aborting at iter#1
protocols.rosetta_scripts.ParsedProtocol: =======================BEGIN FILTER =======================
protocols.rosetta_scripts.ParsedProtocol: =======================END FILTER =======================
protocols.rosetta_scripts.ParsedProtocol: =======================BEGIN MOVER ClearConstraintsMover - clearcst=======================
protocols.rosetta_scripts.ParsedProtocol: =======================BEGIN FILTER =======================
protocols.rosetta_scripts.ParsedProtocol: =======================END FILTER =======================
protocols.rosetta_scripts.ParsedProtocol: =======================BEGIN MOVER BackrubProtocol - backrub=======================
core.scoring.ScoreFunctionFactory: SCOREFUNCTION: talaris2014.wts
basic.io.database: Database file opened: sampling/branch_angle/branch_angle_1.txt
basic.io.database: Database file opened: sampling/branch_angle/branch_angle_2.txt
protocols.backrub.BackrubMover: Segment lengths: 3-34 atoms
protocols.backrub.BackrubMover: Main chain pivot atoms: CA
protocols.backrub.BackrubMover: Adding backrub segments for residues 773-775
protocols.backrub.BackrubMover: Adding backrub segments for residues 851-853
protocols.backrub.BackrubMover: Adding backrub segments for residues 1488-1490
protocols.backrub.BackrubMover: Adding backrub segments for residues 1492-1503
protocols.backrub.BackrubMover: Total Segments Added: 54
protocols.backrub.BackrubProtocol: Score After PDB Load:
protocols.backrub.BackrubProtocol: 
------------------------------------------------------------
 Scores                       Weight   Raw Score Wghtd.Score
------------------------------------------------------------
 fa_atr                       1.000   -6796.317   -6796.317
 fa_rep                       0.550    1173.630     645.496
 fa_sol                       0.938    4129.672    3871.567
 fa_intra_rep                 0.005    2955.515      14.778
 mm_bend                      1.000    1275.331    1275.331
 fa_elec                      0.875    -621.683    -543.973
 pro_close                    1.250       8.109      10.136
 hbond_sr_bb                  1.170    -124.731    -145.936
 hbond_lr_bb                  1.170    -350.433    -410.007
 hbond_bb_sc                  1.170    -132.089    -154.544
 hbond_sc                     1.100     -70.440     -77.484
 dslf_fa13                    1.250     -31.019     -38.774
 rama                         0.250    -218.546     -54.637
 omega                        0.625     291.200     182.000
 fa_dun                       0.700    2819.929    1973.950
 p_aa_pp                      0.400    -671.225    -268.490
 yhh_planarity                0.625       2.669       1.668
 ref                          1.000     -62.413     -62.413
---------------------------------------------------
 Total weighted score:                     -577.649
core.pack.task: Packer task: initialize from command line() 
core.pack.task.operation.TaskOperations: Enabling extrachi cutoff at all positions
protocols.backrub.BackrubProtocol: Score After Branch Angle Optimization/Side Chain Idealization:
protocols.backrub.BackrubProtocol: 
------------------------------------------------------------
 Scores                       Weight   Raw Score Wghtd.Score
------------------------------------------------------------
 fa_atr                       1.000   -6798.217   -6798.217
 fa_rep                       0.550    1229.162     676.039
 fa_sol                       0.938    4131.786    3873.549
 fa_intra_rep                 0.005    3163.935      15.820
 mm_bend                      1.000    1268.763    1268.763
 fa_elec                      0.875    -614.593    -537.769
 pro_close                    1.250       8.109      10.136
 hbond_sr_bb                  1.170    -124.731    -145.936
 hbond_lr_bb                  1.170    -350.433    -410.007
 hbond_bb_sc                  1.170    -129.491    -151.504
 hbond_sc                     1.100     -68.610     -75.471
 dslf_fa13                    1.250     -28.010     -35.012
 rama                         0.250    -218.546     -54.637
 omega                        0.625     291.200     182.000
 fa_dun                       0.700    2819.929    1973.950
 p_aa_pp                      0.400    -671.225    -268.490
 yhh_planarity                0.625       2.669       1.668
 ref                          1.000     -62.413     -62.413
---------------------------------------------------
 Total weighted score:                     -537.531
core.pack.task: Packer task: initialize from command line() 
core.pack.task.operation.TaskOperations: Enabling extrachi cutoff at all positions
protocols.backrub.BackrubProtocol: Running 35000 trials...
protocols.backrub.BackrubProtocol: Applying mover 'ParsedProtocol' on step 35000
protocols.rosetta_scripts.ParsedProtocol: =======================BEGIN MOVER SavePoseMover - save_backrub_pose=======================
protocols.rosetta_scripts.ParsedProtocol: =======================BEGIN FILTER =======================
protocols.rosetta_scripts.ParsedProtocol: =======================END FILTER =======================
protocols.rosetta_scripts.ParsedProtocol: =======================BEGIN MOVER ReportToDB - structreport=======================
protocols.features.ReportToDB: Reporting features for 1591 of the 1591 total residues in the pose clean_pymolintegrin_0001 for batch 'structreport'.
protocols.features.util: Requesting data on 'structreport' from the DATABASE_PROTOCOL_AND_BATCH_ID_TAG message listener on head node.
protocols.features.util: Received protocol_id='0' and batch_id='0'
protocols.features.ProtocolFeatures: No protocol ID, generating one automagically
protocols.features.BatchFeatures: No batch ID, generating one automagically
protocols.features.util: protocol_id '1' and batch_id '1', for batch 'structreport' have been written to the database. Now sending info back to head node.
basic.mpi.DbMoverMessageListener: Received this message from slave: 1 structreport 1
basic.mpi.DbMoverMessageListener: Setting batch id identifier to: 'structreport'
protocols.features.util: Done with protocol and batch id generation.
protocols.features.ReportToDB: Reporting PoseConformationFeatures
protocols.features.ReportToDB: Reporting PdbDataFeatures
protocols.features.ReportToDB: Reporting JobDataFeatures
protocols.features.ReportToDB: Reporting ResidueFeatures
protocols.features.ReportToDB: Reporting PoseCommentsFeatures
protocols.features.ReportToDB: Reporting ProteinResidueConformationFeatures
protocols.features.ReportToDB: Reporting ResidueConformationFeatures
protocols.rosetta_scripts.ParsedProtocol: =======================BEGIN FILTER =======================
protocols.rosetta_scripts.ParsedProtocol: =======================END FILTER =======================
protocols.rosetta_scripts.ParsedProtocol: =======================BEGIN MOVER PackRotamersMover - repack=======================
core.pack.task: Packer task: initialize from command line() 
core.pack.pack_rotamers: built 852 rotamers at 21 positions.
core.pack.interaction_graph.interaction_graph_factory: Instantiating DensePDInteractionGraph
core.pack.interaction_graph.interaction_graph_factory: IG: 932220 bytes
protocols.rosetta_scripts.ParsedProtocol: =======================BEGIN FILTER =======================
protocols.rosetta_scripts.ParsedProtocol: =======================END FILTER =======================
protocols.rosetta_scripts.ParsedProtocol: =======================BEGIN MOVER AddConstraintsToCurrentConformationMover - addcst=======================
protocols.simple_moves.AddConstraintsToCurrentConformationMover: Using harmonic function
protocols.rosetta_scripts.ParsedProtocol: =======================BEGIN FILTER =======================
protocols.rosetta_scripts.ParsedProtocol: =======================END FILTER =======================
protocols.rosetta_scripts.ParsedProtocol: =======================BEGIN MOVER MinMover - minimize=======================
core.optimization.LineMinimizer: [ ERROR ] Inaccurate G! step= 3.8147e-08 Deriv= -510311 Finite Diff= 3.81294e+08
core.optimization.LineMinimizer: [ ERROR ] Inaccurate G! step= 1.068e-08 Deriv= -510311 Finite Diff= 1.36321e+09
core.optimization.Minimizer: Line search failed even after resetting Hessian; aborting at iter#1
protocols.rosetta_scripts.ParsedProtocol: =======================BEGIN FILTER =======================
protocols.rosetta_scripts.ParsedProtocol: =======================END FILTER =======================
protocols.rosetta_scripts.ParsedProtocol: =======================BEGIN MOVER ClearConstraintsMover - clearcst=======================
protocols.rosetta_scripts.ParsedProtocol: =======================BEGIN FILTER =======================
protocols.rosetta_scripts.ParsedProtocol: =======================END FILTER =======================
protocols.rosetta_scripts.ParsedProtocol: =======================BEGIN MOVER SavePoseMover - save_wt_bound_pose=======================
protocols.rosetta_scripts.ParsedProtocol: =======================BEGIN FILTER =======================
protocols.rosetta_scripts.ParsedProtocol: =======================END FILTER =======================
protocols.rosetta_scripts.ParsedProtocol: =======================BEGIN MOVER ReportToDB - structreport=======================
protocols.features.ReportToDB: Reporting features for 1591 of the 1591 total residues in the pose clean_pymolintegrin_0001 for batch 'structreport'.
protocols.features.util: Requesting data on 'structreport' from the DATABASE_PROTOCOL_AND_BATCH_ID_TAG message listener on head node.
protocols.features.util: Received protocol_id='1' and batch_id='1'
protocols.features.util: Done with protocol and batch id generation.
protocols.features.ReportToDB: Reporting PoseConformationFeatures
protocols.features.ReportToDB: Reporting PdbDataFeatures
protocols.features.ReportToDB: Reporting JobDataFeatures
protocols.features.ReportToDB: Reporting ResidueFeatures
protocols.features.ReportToDB: Reporting PoseCommentsFeatures
protocols.features.ReportToDB: Reporting ProteinResidueConformationFeatures
protocols.features.ReportToDB: Reporting ResidueConformationFeatures
protocols.rosetta_scripts.ParsedProtocol: =======================BEGIN FILTER =======================
protocols.rosetta_scripts.ParsedProtocol: =======================END FILTER =======================
protocols.rosetta_scripts.ParsedProtocol: =======================BEGIN MOVER SavePoseMover - restore_backrub_pose=======================
protocols.rosetta_scripts.ParsedProtocol: =======================BEGIN FILTER =======================
protocols.rosetta_scripts.ParsedProtocol: =======================END FILTER =======================
protocols.rosetta_scripts.ParsedProtocol: =======================BEGIN MOVER PackRotamersMover - mutate=======================
core.pack.task: Packer task: initialize from command line() 
core.pack.pack_rotamers: built 787 rotamers at 21 positions.
core.pack.interaction_graph.interaction_graph_factory: Instantiating PDInteractionGraph
core.pack.interaction_graph.interaction_graph_factory: IG: 799680 bytes
protocols.rosetta_scripts.ParsedProtocol: =======================BEGIN FILTER =======================
protocols.rosetta_scripts.ParsedProtocol: =======================END FILTER =======================
protocols.rosetta_scripts.ParsedProtocol: =======================BEGIN MOVER AddConstraintsToCurrentConformationMover - addcst=======================
protocols.simple_moves.AddConstraintsToCurrentConformationMover: Using harmonic function
protocols.rosetta_scripts.ParsedProtocol: =======================BEGIN FILTER =======================
protocols.rosetta_scripts.ParsedProtocol: =======================END FILTER =======================
protocols.rosetta_scripts.ParsedProtocol: =======================BEGIN MOVER MinMover - minimize=======================
core.optimization.LineMinimizer: [ ERROR ] Inaccurate G! step= 3.8147e-08 Deriv= -774570 Finite Diff= 3.81032e+08
core.optimization.LineMinimizer: [ ERROR ] Inaccurate G! step= 8.66882e-09 Deriv= -774570 Finite Diff= 1.67934e+09
core.optimization.Minimizer: Line search failed even after resetting Hessian; aborting at iter#1
protocols.rosetta_scripts.ParsedProtocol: =======================BEGIN FILTER =======================
protocols.rosetta_scripts.ParsedProtocol: =======================END FILTER =======================
protocols.rosetta_scripts.ParsedProtocol: =======================BEGIN MOVER ClearConstraintsMover - clearcst=======================
protocols.rosetta_scripts.ParsedProtocol: =======================BEGIN FILTER =======================
protocols.rosetta_scripts.ParsedProtocol: =======================END FILTER =======================
protocols.rosetta_scripts.ParsedProtocol: =======================BEGIN MOVER ReportToDB - structreport=======================
protocols.features.ReportToDB: Reporting features for 1591 of the 1591 total residues in the pose clean_pymolintegrin_0001 for batch 'structreport'.
protocols.features.util: Requesting data on 'structreport' from the DATABASE_PROTOCOL_AND_BATCH_ID_TAG message listener on head node.
protocols.features.util: Received protocol_id='1' and batch_id='1'
protocols.features.util: Done with protocol and batch id generation.
protocols.features.ReportToDB: Reporting PoseConformationFeatures
protocols.features.ReportToDB: Reporting PdbDataFeatures
protocols.features.ReportToDB: Reporting JobDataFeatures
protocols.features.ReportToDB: Reporting ResidueFeatures
protocols.features.ReportToDB: Reporting PoseCommentsFeatures
protocols.features.ReportToDB: Reporting ProteinResidueConformationFeatures
protocols.features.ReportToDB: Reporting ResidueConformationFeatures
protocols.rosetta_scripts.ParsedProtocol: =======================BEGIN FILTER =======================
protocols.rosetta_scripts.ParsedProtocol: =======================END FILTER =======================
protocols.rosetta_scripts.ParsedProtocol: =======================BEGIN MOVER InterfaceDdGMover - int_ddG_mover=======================
protocols.features.InterfaceDdGMover: Translating/unbinding chain ID(s): 2 
protocols.moves.RigidBodyMover: Translate: Jump (before): RT 0.193028 0.394257 -0.8985 -0.129418 0.917951 0.374989 0.972621 0.0438992 0.228214 26.8226 40.6117 -20.9502  
protocols.moves.RigidBodyMover: Translate: Jump (after):  RT 0.193028 0.394257 -0.8985 -0.129418 0.917951 0.374989 0.972621 0.0438992 0.228214 600.435 847.973 117.382  
protocols.features.InterfaceDdGMover: Translating/unbinding chain ID(s): 2 
protocols.moves.RigidBodyMover: Translate: Jump (before): RT 0.193028 0.394257 -0.8985 -0.129418 0.917951 0.374989 0.972621 0.0438992 0.228214 26.8226 40.6117 -20.9502  
protocols.moves.RigidBodyMover: Translate: Jump (after):  RT 0.193028 0.394257 -0.8985 -0.129418 0.917951 0.374989 0.972621 0.0438992 0.228214 600.435 847.973 117.382  
protocols.features.InterfaceDdGMover: Mutations between stored wildtype and mutant poses:
ResNum WTResiType MutResiType
  1495     TYR        ALA   

protocols.features.InterfaceDdGMover: interface binding energy ddG score (after mutation(s)): 1.61157
protocols.features.ReportToDB: Reporting features for 1591 of the 1591 total residues in the pose clean_pymolintegrin_0001 for batch 'bound_wt_dbreport'.
protocols.features.util: Requesting data on 'bound_wt_dbreport' from the DATABASE_PROTOCOL_AND_BATCH_ID_TAG message listener on head node.
protocols.features.util: Received protocol_id='1' and batch_id='0'
protocols.features.BatchFeatures: No batch ID, generating one automagically
protocols.features.util: protocol_id '1' and batch_id '1', for batch 'bound_wt_dbreport' have been written to the database. Now sending info back to head node.
basic.mpi.DbMoverMessageListener: Received this message from slave: 1 bound_wt_dbreport 1
basic.mpi.DbMoverMessageListener: Setting batch id identifier to: 'bound_wt_dbreport'
protocols.features.util: Done with protocol and batch id generation.
protocols.features.ReportToDB: Reporting ScoreTypeFeatures
protocols.features.ReportToDB: Reporting ScoreFunctionFeatures
protocols.features.ReportToDB: Reporting StructureScoresFeatures
protocols.features.ReportToDB: Reporting features for 1591 of the 1591 total residues in the pose clean_pymolintegrin_0001 for batch 'unbound_wt_dbreport'.
protocols.features.util: Requesting data on 'unbound_wt_dbreport' from the DATABASE_PROTOCOL_AND_BATCH_ID_TAG message listener on head node.
protocols.features.util: Received protocol_id='1' and batch_id='0'
protocols.features.BatchFeatures: No batch ID, generating one automagically
protocols.features.util: protocol_id '1' and batch_id '2', for batch 'unbound_wt_dbreport' have been written to the database. Now sending info back to head node.
basic.mpi.DbMoverMessageListener: Received this message from slave: 1 unbound_wt_dbreport 2
basic.mpi.DbMoverMessageListener: Setting batch id identifier to: 'unbound_wt_dbreport'
protocols.features.util: Done with protocol and batch id generation.
protocols.features.ReportToDB: Reporting ScoreTypeFeatures
protocols.features.ReportToDB: Reporting ScoreFunctionFeatures
protocols.features.ReportToDB: Reporting StructureScoresFeatures
protocols.features.ReportToDB: Reporting features for 1591 of the 1591 total residues in the pose clean_pymolintegrin_0001 for batch 'bound_mut_dbreport'.
protocols.features.util: Requesting data on 'bound_mut_dbreport' from the DATABASE_PROTOCOL_AND_BATCH_ID_TAG message listener on head node.
protocols.features.util: Received protocol_id='1' and batch_id='0'
protocols.features.BatchFeatures: No batch ID, generating one automagically
protocols.features.util: protocol_id '1' and batch_id '3', for batch 'bound_mut_dbreport' have been written to the database. Now sending info back to head node.
basic.mpi.DbMoverMessageListener: Received this message from slave: 1 bound_mut_dbreport 3
basic.mpi.DbMoverMessageListener: Setting batch id identifier to: 'bound_mut_dbreport'
protocols.features.util: Done with protocol and batch id generation.
protocols.features.ReportToDB: Reporting ScoreTypeFeatures
protocols.features.ReportToDB: Reporting ScoreFunctionFeatures
protocols.features.ReportToDB: Reporting StructureScoresFeatures
protocols.features.ReportToDB: Reporting features for 1591 of the 1591 total residues in the pose clean_pymolintegrin_0001 for batch 'unbound_mut_dbreport'.
protocols.features.util: Requesting data on 'unbound_mut_dbreport' from the DATABASE_PROTOCOL_AND_BATCH_ID_TAG message listener on head node.
protocols.features.util: Received protocol_id='1' and batch_id='0'
protocols.features.BatchFeatures: No batch ID, generating one automagically
protocols.features.util: protocol_id '1' and batch_id '4', for batch 'unbound_mut_dbreport' have been written to the database. Now sending info back to head node.
basic.mpi.DbMoverMessageListener: Received this message from slave: 1 unbound_mut_dbreport 4
basic.mpi.DbMoverMessageListener: Setting batch id identifier to: 'unbound_mut_dbreport'
protocols.features.util: Done with protocol and batch id generation.
protocols.features.ReportToDB: Reporting ScoreTypeFeatures
protocols.features.ReportToDB: Reporting ScoreFunctionFeatures
protocols.features.ReportToDB: Reporting StructureScoresFeatures
protocols.rosetta_scripts.ParsedProtocol: =======================BEGIN FILTER =======================
protocols.rosetta_scripts.ParsedProtocol: =======================END FILTER =======================
protocols.rosetta_scripts.ParsedProtocol: setting status to success
protocols.rosetta_scripts.ParsedProtocol.REPORT: ============Begin report for ==================
protocols.rosetta_scripts.ParsedProtocol.REPORT: ============End report for ==================
protocols.rosetta_scripts.ParsedProtocol.REPORT: ============Begin report for ==================
protocols.rosetta_scripts.ParsedProtocol.REPORT: ============End report for ==================
protocols.rosetta_scripts.ParsedProtocol.REPORT: ============Begin report for ==================
protocols.rosetta_scripts.ParsedProtocol.REPORT: ============End report for ==================
protocols.rosetta_scripts.ParsedProtocol.REPORT: ============Begin report for ==================
protocols.rosetta_scripts.ParsedProtocol.REPORT: ============End report for ==================
protocols.rosetta_scripts.ParsedProtocol.REPORT: ============Begin report for ==================
protocols.rosetta_scripts.ParsedProtocol.REPORT: ============End report for ==================
protocols.rosetta_scripts.ParsedProtocol.REPORT: ============Begin report for ==================
protocols.rosetta_scripts.ParsedProtocol.REPORT: ============End report for ==================
protocols.rosetta_scripts.ParsedProtocol.REPORT: ============Begin report for ==================
protocols.rosetta_scripts.ParsedProtocol.REPORT: ============End report for ==================
protocols.rosetta_scripts.ParsedProtocol.REPORT: ============Begin report for ==================
protocols.rosetta_scripts.ParsedProtocol.REPORT: ============End report for ==================
protocols.rosetta_scripts.ParsedProtocol.REPORT: ============Begin report for ==================
protocols.rosetta_scripts.ParsedProtocol.REPORT: ============End report for ==================
protocols.rosetta_scripts.ParsedProtocol.REPORT: ============Begin report for ==================
protocols.rosetta_scripts.ParsedProtocol.REPORT: ============End report for ==================
protocols.rosetta_scripts.ParsedProtocol.REPORT: ============Begin report for ==================
protocols.rosetta_scripts.ParsedProtocol.REPORT: ============End report for ==================
protocols.rosetta_scripts.ParsedProtocol.REPORT: ============Begin report for ==================
protocols.rosetta_scripts.ParsedProtocol.REPORT: ============End report for ==================
protocols.rosetta_scripts.ParsedProtocol.REPORT: ============Begin report for ==================
protocols.rosetta_scripts.ParsedProtocol.REPORT: ============End report for ==================
protocols.rosetta_scripts.ParsedProtocol.REPORT: ============Begin report for ==================
protocols.rosetta_scripts.ParsedProtocol.REPORT: ============End report for ==================
protocols.rosetta_scripts.ParsedProtocol.REPORT: ============Begin report for ==================
protocols.rosetta_scripts.ParsedProtocol.REPORT: ============End report for ==================
protocols.moves.TrialCounter:      br_CA_CA_04 trials=   7242;  accepts= 0.4101;  energy_drop/trial=   0.00824
protocols.moves.TrialCounter:      br_CA_CA_07 trials=   5446;  accepts= 0.3177;  energy_drop/trial=  -0.01081
protocols.moves.TrialCounter:      br_CA_CA_10 trials=   3285;  accepts= 0.2922;  energy_drop/trial=   0.01324
protocols.moves.TrialCounter:      br_CA_CA_13 trials=   2927;  accepts= 0.2487;  energy_drop/trial=   0.00408
protocols.moves.TrialCounter:      br_CA_CA_16 trials=   2439;  accepts= 0.2251;  energy_drop/trial=  -0.01113
protocols.moves.TrialCounter:      br_CA_CA_19 trials=   1932;  accepts= 0.1982;  energy_drop/trial=   0.01985
protocols.moves.TrialCounter:      br_CA_CA_22 trials=   1450;  accepts= 0.1966;  energy_drop/trial=  -0.01941
protocols.moves.TrialCounter:      br_CA_CA_25 trials=   1017;  accepts= 0.1642;  energy_drop/trial=  -0.00924
protocols.moves.TrialCounter:      br_CA_CA_28 trials=    487;  accepts= 0.2156;  energy_drop/trial=  -0.01907
protocols.moves.TrialCounter:       sc_chi_rot trials=   7912;  accepts= 0.3578;  energy_drop/trial=   0.04300
protocols.moves.TrialCounter:      sc_chi_unif trials=    863;  accepts= 0.0336;  energy_drop/trial=   0.02603
protocols.backrub.BackrubProtocol: Last Score:
protocols.backrub.BackrubProtocol: 
------------------------------------------------------------
 Scores                       Weight   Raw Score Wghtd.Score
------------------------------------------------------------
 fa_atr                       1.000   -6741.093   -6741.093
 fa_rep                       0.550    1488.778     818.828
 fa_sol                       0.938    4086.482    3831.077
 fa_intra_rep                 0.005    3106.717      15.534
 mm_bend                      1.000    1270.203    1270.203
 fa_elec                      0.875    -596.843    -522.238
 pro_close                    1.250       8.109      10.136
 hbond_sr_bb                  1.170    -124.563    -145.738
 hbond_lr_bb                  1.170    -349.187    -408.548
 hbond_bb_sc                  1.170    -115.046    -134.604
 hbond_sc                     1.100     -59.040     -64.944
 dslf_fa13                    1.250      -7.235      -9.044
 rama                         0.250    -208.298     -52.074
 omega                        0.625     291.200     182.000
 fa_dun                       0.700    3026.592    2118.614
 p_aa_pp                      0.400    -666.281    -266.513
 yhh_planarity                0.625      10.590       6.619
 ref                          1.000     -62.413     -62.413
---------------------------------------------------
 Total weighted score:                     -154.198
protocols.backrub.BackrubProtocol: Low Score:
protocols.backrub.BackrubProtocol: 
------------------------------------------------------------
 Scores                       Weight   Raw Score Wghtd.Score
------------------------------------------------------------
 fa_atr                       1.000   -6798.217   -6798.217
 fa_rep                       0.550    1229.162     676.039
 fa_sol                       0.938    4131.786    3873.549
 fa_intra_rep                 0.005    3163.935      15.820
 mm_bend                      1.000    1268.763    1268.763
 fa_elec                      0.875    -614.593    -537.769
 pro_close                    1.250       8.109      10.136
 hbond_sr_bb                  1.170    -124.731    -145.936
 hbond_lr_bb                  1.170    -350.433    -410.007
 hbond_bb_sc                  1.170    -129.491    -151.504
 hbond_sc                     1.100     -68.610     -75.471
 dslf_fa13                    1.250     -28.010     -35.012
 rama                         0.250    -218.546     -54.637
 omega                        0.625     291.200     182.000
 fa_dun                       0.700    2819.929    1973.950
 p_aa_pp                      0.400    -671.225    -268.490
 yhh_planarity                0.625       2.669       1.668
 ref                          1.000     -62.413     -62.413
---------------------------------------------------
 Total weighted score:                     -537.531
protocols.backrub.BackrubProtocol: Leaving pose as last sampled model
protocols.rosetta_scripts.ParsedProtocol: =======================BEGIN FILTER =======================
protocols.rosetta_scripts.ParsedProtocol: =======================END FILTER =======================
protocols.rosetta_scripts.ParsedProtocol: setting status to success
protocols.rosetta_scripts.ParsedProtocol.REPORT: ============Begin report for ==================
protocols.rosetta_scripts.ParsedProtocol.REPORT: ============End report for ==================
protocols.rosetta_scripts.ParsedProtocol.REPORT: ============Begin report for ==================
protocols.rosetta_scripts.ParsedProtocol.REPORT: ============End report for ==================
protocols.rosetta_scripts.ParsedProtocol.REPORT: ============Begin report for ==================
protocols.rosetta_scripts.ParsedProtocol.REPORT: ============End report for ==================
protocols.rosetta_scripts.ParsedProtocol.REPORT: ============Begin report for ==================
protocols.rosetta_scripts.ParsedProtocol.REPORT: ============End report for ==================
protocols.rosetta_scripts.ParsedProtocol.REPORT: ============Begin report for ==================
protocols.rosetta_scripts.ParsedProtocol.REPORT: ============End report for ==================
protocols.rosetta_scripts.ParsedProtocol.REPORT: ============Begin report for ==================
protocols.rosetta_scripts.ParsedProtocol.REPORT: ============End report for ==================
protocols.jd2.JobDistributor: clean_pymolintegrin_0001 reported success in 11827 seconds
protocols.jd2.JobDistributor: no more batches to process... 
protocols.jd2.JobDistributor: 1 jobs considered, 1 jobs attempted in 11828 seconds
